0 info it worked if it ends with ok
1 verbose cli [ '/home/rubie/.nvm/versions/node/v4.0.0/bin/node',
1 verbose cli   '/home/rubie/.nvm/versions/node/v4.0.0/bin/npm',
1 verbose cli   'install',
1 verbose cli   'fibers' ]
2 info using npm@2.14.2
3 info using node@v4.0.0
4 verbose config Skipping project config: /home/rubie/.npmrc. (matches userconfig)
5 verbose install initial load of /home/rubie/package.json
6 verbose installManyTop reading scoped package data from /home/rubie/node_modules/make/package.json
7 verbose installManyTop reading scoped package data from /home/rubie/node_modules/node/package.json
8 verbose installManyTop reading scoped package data from /home/rubie/node_modules/python/package.json
9 info package.json make@0.0.0 No repository field.
10 info package.json node@0.0.0 No description
11 info package.json node@0.0.0 No repository field.
12 info package.json node@0.0.0 No README data
13 info package.json node@0.0.0 No license field.
14 info package.json python@0.0.4 No license field.
15 verbose readDependencies loading dependencies from /home/rubie/package.json
16 silly cache add args [ 'fibers', null ]
17 verbose cache add spec fibers
18 silly cache add parsed spec Result {
18 silly cache add   raw: 'fibers',
18 silly cache add   scope: null,
18 silly cache add   name: 'fibers',
18 silly cache add   rawSpec: '',
18 silly cache add   spec: '*',
18 silly cache add   type: 'range' }
19 silly addNamed fibers@*
20 verbose addNamed "*" is a valid semver range for fibers
21 silly addNameRange { name: 'fibers', range: '*', hasData: false }
22 silly mapToRegistry name fibers
23 silly mapToRegistry using default registry
24 silly mapToRegistry registry https://registry.npmjs.org/
25 silly mapToRegistry uri https://registry.npmjs.org/fibers
26 verbose addNameRange registry:https://registry.npmjs.org/fibers not in flight; fetching
27 verbose request uri https://registry.npmjs.org/fibers
28 verbose request no auth needed
29 info attempt registry request try #1 at 12:05:04 PM
30 verbose request id 4c19cf783cb81ecf
31 verbose etag "EVWXHE5K16HTS5BY9L958MZ0K"
32 http request GET https://registry.npmjs.org/fibers
33 http 304 https://registry.npmjs.org/fibers
34 silly get cb [ 304,
34 silly get   { date: 'Sat, 12 Sep 2015 11:05:05 GMT',
34 silly get     via: '1.1 varnish',
34 silly get     'cache-control': 'max-age=60',
34 silly get     etag: '"EVWXHE5K16HTS5BY9L958MZ0K"',
34 silly get     age: '0',
34 silly get     connection: 'keep-alive',
34 silly get     'x-served-by': 'cache-ams4122-AMS',
34 silly get     'x-cache': 'HIT',
34 silly get     'x-cache-hits': '1',
34 silly get     'x-timer': 'S1442055905.014971,VS0,VE96',
34 silly get     vary: 'Accept' } ]
35 verbose etag https://registry.npmjs.org/fibers from cache
36 verbose get saving fibers to /home/rubie/.npm/registry.npmjs.org/fibers/.cache.json
37 silly addNameRange number 2 { name: 'fibers', range: '*', hasData: true }
38 silly addNameRange versions [ 'fibers',
38 silly addNameRange   [ '0.1.0',
38 silly addNameRange     '0.1.1',
38 silly addNameRange     '0.1.2',
38 silly addNameRange     '0.1.3',
38 silly addNameRange     '0.1.4',
38 silly addNameRange     '0.1.6',
38 silly addNameRange     '0.1.7',
38 silly addNameRange     '0.1.8',
38 silly addNameRange     '0.2.0',
38 silly addNameRange     '0.2.1',
38 silly addNameRange     '0.2.2',
38 silly addNameRange     '0.2.3',
38 silly addNameRange     '0.2.4',
38 silly addNameRange     '0.2.5',
38 silly addNameRange     '0.2.6',
38 silly addNameRange     '0.5.0',
38 silly addNameRange     '0.6.0',
38 silly addNameRange     '0.5.1',
38 silly addNameRange     '0.6.1',
38 silly addNameRange     '0.6.2',
38 silly addNameRange     '0.6.3',
38 silly addNameRange     '0.6.4',
38 silly addNameRange     '0.6.5',
38 silly addNameRange     '0.6.6',
38 silly addNameRange     '0.6.7',
38 silly addNameRange     '0.6.8',
38 silly addNameRange     '0.6.9',
38 silly addNameRange     '1.0.0',
38 silly addNameRange     '1.0.1',
38 silly addNameRange     '1.0.2',
38 silly addNameRange     '1.0.4',
38 silly addNameRange     '1.0.5',
38 silly addNameRange     '1.0.6-b',
38 silly addNameRange     '1.0.7' ] ]
39 silly addNamed fibers@1.0.7
40 verbose addNamed "1.0.7" is a plain semver version for fibers
41 silly cache afterAdd fibers@1.0.7
42 verbose afterAdd /home/rubie/.npm/fibers/1.0.7/package/package.json not in flight; writing
43 verbose afterAdd /home/rubie/.npm/fibers/1.0.7/package/package.json written
44 silly install resolved [ { name: 'fibers',
44 silly install resolved     version: '1.0.7',
44 silly install resolved     description: 'Cooperative multi-tasking for Javascript',
44 silly install resolved     keywords:
44 silly install resolved      [ 'fiber',
44 silly install resolved        'fibers',
44 silly install resolved        'coroutine',
44 silly install resolved        'thread',
44 silly install resolved        'async',
44 silly install resolved        'parallel',
44 silly install resolved        'worker',
44 silly install resolved        'future',
44 silly install resolved        'promise' ],
44 silly install resolved     homepage: 'https://github.com/laverdet/node-fibers',
44 silly install resolved     author:
44 silly install resolved      { name: 'Marcel Laverdet',
44 silly install resolved        email: 'marcel@laverdet.com',
44 silly install resolved        url: 'https://github.com/laverdet/' },
44 silly install resolved     main: 'fibers',
44 silly install resolved     scripts:
44 silly install resolved      { install: 'node build.js || nodejs build.js',
44 silly install resolved        test: 'node test.js || nodejs test.js' },
44 silly install resolved     repository:
44 silly install resolved      { type: 'git',
44 silly install resolved        url: 'git://github.com/laverdet/node-fibers.git' },
44 silly install resolved     license: 'MIT',
44 silly install resolved     engines: { node: '>=0.5.2' },
44 silly install resolved     gitHead: '8c591087fcc5768d209ff8a30979c9257503d13f',
44 silly install resolved     bugs: { url: 'https://github.com/laverdet/node-fibers/issues' },
44 silly install resolved     _id: 'fibers@1.0.7',
44 silly install resolved     _shasum: '7dabae2b238188caa3748a8968c3c9df91752982',
44 silly install resolved     _from: 'fibers@*',
44 silly install resolved     _npmVersion: '2.11.3',
44 silly install resolved     _nodeVersion: '2.3.2',
44 silly install resolved     _npmUser: { name: 'laverdet', email: 'marcel.npm@laverdet.com' },
44 silly install resolved     maintainers: [ [Object] ],
44 silly install resolved     dist:
44 silly install resolved      { shasum: '7dabae2b238188caa3748a8968c3c9df91752982',
44 silly install resolved        tarball: 'http://registry.npmjs.org/fibers/-/fibers-1.0.7.tgz' },
44 silly install resolved     directories: {},
44 silly install resolved     _resolved: 'https://registry.npmjs.org/fibers/-/fibers-1.0.7.tgz',
44 silly install resolved     readme: 'ERROR: No README data found!' } ]
45 info install fibers@1.0.7 into /home/rubie
46 info installOne fibers@1.0.7
47 verbose installOne of fibers to /home/rubie not in flight; installing
48 verbose lock using /home/rubie/.npm/_locks/fibers-94d94f5c530a3bf0.lock for /home/rubie/node_modules/fibers
49 silly install write writing fibers 1.0.7 to /home/rubie/node_modules/fibers
50 verbose unbuild node_modules/fibers
51 silly gentlyRm /home/rubie/node_modules/fibers is being purged from base /home/rubie
52 verbose gentlyRm don't care about contents; nuking /home/rubie/node_modules/fibers
53 verbose tar unpack /home/rubie/.npm/fibers/1.0.7/package.tgz
54 verbose tar unpacking to /home/rubie/node_modules/fibers
55 silly gentlyRm /home/rubie/node_modules/fibers is being purged
56 verbose gentlyRm don't care about contents; nuking /home/rubie/node_modules/fibers
57 silly gunzTarPerm modes [ '775', '664' ]
58 silly gunzTarPerm extractEntry package.json
59 silly gunzTarPerm modified mode [ 'package.json', 420, 436 ]
60 silly gunzTarPerm extractEntry .npmignore
61 silly gunzTarPerm modified mode [ '.npmignore', 420, 436 ]
62 silly gunzTarPerm extractEntry README.md
63 silly gunzTarPerm modified mode [ 'README.md', 420, 436 ]
64 silly gunzTarPerm extractEntry LICENSE
65 silly gunzTarPerm modified mode [ 'LICENSE', 420, 436 ]
66 silly gunzTarPerm extractEntry quick-test.js
67 silly gunzTarPerm modified mode [ 'quick-test.js', 420, 436 ]
68 silly gunzTarPerm extractEntry future.js
69 silly gunzTarPerm modified mode [ 'future.js', 420, 436 ]
70 silly gunzTarPerm extractEntry build.js
71 silly gunzTarPerm modified mode [ 'build.js', 493, 509 ]
72 silly gunzTarPerm extractEntry test.js
73 silly gunzTarPerm modified mode [ 'test.js', 493, 509 ]
74 silly gunzTarPerm extractEntry fibers.js
75 silly gunzTarPerm modified mode [ 'fibers.js', 420, 436 ]
76 silly gunzTarPerm extractEntry binding.gyp
77 silly gunzTarPerm modified mode [ 'binding.gyp', 420, 436 ]
78 silly gunzTarPerm extractEntry bin/.npmignore
79 silly gunzTarPerm modified mode [ 'bin/.npmignore', 420, 436 ]
80 silly gunzTarPerm extractEntry bin/win32-x64-v8-4.2/fibers.node
81 silly gunzTarPerm modified mode [ 'bin/win32-x64-v8-4.2/fibers.node', 420, 436 ]
82 silly gunzTarPerm extractEntry bin/darwin-ia32-v8-3.28/fibers.node
83 silly gunzTarPerm modified mode [ 'bin/darwin-ia32-v8-3.28/fibers.node', 493, 509 ]
84 silly gunzTarPerm extractEntry bin/darwin-ia32-v8-4.2/fibers.node
85 silly gunzTarPerm modified mode [ 'bin/darwin-ia32-v8-4.2/fibers.node', 493, 509 ]
86 silly gunzTarPerm extractEntry bin/darwin-x64-v8-3.14/fibers.node
87 silly gunzTarPerm modified mode [ 'bin/darwin-x64-v8-3.14/fibers.node', 493, 509 ]
88 silly gunzTarPerm extractEntry bin/darwin-x64-v8-3.28/fibers.node
89 silly gunzTarPerm modified mode [ 'bin/darwin-x64-v8-3.28/fibers.node', 493, 509 ]
90 silly gunzTarPerm extractEntry bin/darwin-x64-v8-4.2/fibers.node
91 silly gunzTarPerm modified mode [ 'bin/darwin-x64-v8-4.2/fibers.node', 493, 509 ]
92 silly gunzTarPerm extractEntry bin/linux-ia32-v8-3.14/fibers.node
93 silly gunzTarPerm modified mode [ 'bin/linux-ia32-v8-3.14/fibers.node', 493, 509 ]
94 silly gunzTarPerm extractEntry bin/linux-ia32-v8-3.28/fibers.node
95 silly gunzTarPerm modified mode [ 'bin/linux-ia32-v8-3.28/fibers.node', 493, 509 ]
96 silly gunzTarPerm extractEntry bin/linux-ia32-v8-4.2/fibers.node
97 silly gunzTarPerm modified mode [ 'bin/linux-ia32-v8-4.2/fibers.node', 493, 509 ]
98 silly gunzTarPerm extractEntry bin/darwin-ia32-v8-3.14/fibers.node
99 silly gunzTarPerm modified mode [ 'bin/darwin-ia32-v8-3.14/fibers.node', 493, 509 ]
100 silly gunzTarPerm extractEntry bin/linux-x64-v8-3.28/fibers.node
101 silly gunzTarPerm modified mode [ 'bin/linux-x64-v8-3.28/fibers.node', 493, 509 ]
102 silly gunzTarPerm extractEntry bin/linux-x64-v8-4.2/fibers.node
103 silly gunzTarPerm modified mode [ 'bin/linux-x64-v8-4.2/fibers.node', 493, 509 ]
104 silly gunzTarPerm extractEntry bin/repl
105 silly gunzTarPerm modified mode [ 'bin/repl', 493, 509 ]
106 silly gunzTarPerm extractEntry bin/win32-ia32-v8-3.14/fibers.node
107 silly gunzTarPerm modified mode [ 'bin/win32-ia32-v8-3.14/fibers.node', 420, 436 ]
108 silly gunzTarPerm extractEntry bin/win32-ia32-v8-3.28/fibers.node
109 silly gunzTarPerm modified mode [ 'bin/win32-ia32-v8-3.28/fibers.node', 420, 436 ]
110 silly gunzTarPerm extractEntry bin/win32-ia32-v8-4.2/fibers.node
111 silly gunzTarPerm modified mode [ 'bin/win32-ia32-v8-4.2/fibers.node', 420, 436 ]
112 silly gunzTarPerm extractEntry bin/win32-x64-v8-3.14/fibers.node
113 silly gunzTarPerm modified mode [ 'bin/win32-x64-v8-3.14/fibers.node', 420, 436 ]
114 silly gunzTarPerm extractEntry bin/win32-x64-v8-3.28/fibers.node
115 silly gunzTarPerm modified mode [ 'bin/win32-x64-v8-3.28/fibers.node', 420, 436 ]
116 silly gunzTarPerm extractEntry bin/linux-x64-v8-3.14/fibers.node
117 silly gunzTarPerm modified mode [ 'bin/linux-x64-v8-3.14/fibers.node', 493, 509 ]
118 silly gunzTarPerm extractEntry src/coroutine.cc
119 silly gunzTarPerm modified mode [ 'src/coroutine.cc', 420, 436 ]
120 silly gunzTarPerm extractEntry src/coroutine.h
121 silly gunzTarPerm modified mode [ 'src/coroutine.h', 420, 436 ]
122 silly gunzTarPerm extractEntry src/fibers.cc
123 silly gunzTarPerm modified mode [ 'src/fibers.cc', 420, 436 ]
124 silly gunzTarPerm extractEntry src/libcoro/README
125 silly gunzTarPerm modified mode [ 'src/libcoro/README', 420, 436 ]
126 silly gunzTarPerm extractEntry src/libcoro/LICENSE
127 silly gunzTarPerm modified mode [ 'src/libcoro/LICENSE', 420, 436 ]
128 silly gunzTarPerm extractEntry src/libcoro/conftest.c
129 silly gunzTarPerm modified mode [ 'src/libcoro/conftest.c', 420, 436 ]
130 silly gunzTarPerm extractEntry src/libcoro/coro.c
131 silly gunzTarPerm modified mode [ 'src/libcoro/coro.c', 420, 436 ]
132 silly gunzTarPerm extractEntry src/libcoro/coro.h
133 silly gunzTarPerm modified mode [ 'src/libcoro/coro.h', 420, 436 ]
134 silly gunzTarPerm extractEntry test/already-running.js
135 silly gunzTarPerm modified mode [ 'test/already-running.js', 420, 436 ]
136 silly gunzTarPerm extractEntry test/exit.js
137 silly gunzTarPerm modified mode [ 'test/exit.js', 420, 436 ]
138 silly gunzTarPerm extractEntry test/fibonacci.js
139 silly gunzTarPerm modified mode [ 'test/fibonacci.js', 420, 436 ]
140 silly gunzTarPerm extractEntry test/finish-multiple.js
141 silly gunzTarPerm modified mode [ 'test/finish-multiple.js', 420, 436 ]
142 silly gunzTarPerm extractEntry test/future-exception.js
143 silly gunzTarPerm modified mode [ 'test/future-exception.js', 420, 436 ]
144 silly gunzTarPerm extractEntry test/exec.js
145 silly gunzTarPerm modified mode [ 'test/exec.js', 420, 436 ]
146 silly gunzTarPerm extractEntry test/illegal-yield.js
147 silly gunzTarPerm modified mode [ 'test/illegal-yield.js', 420, 436 ]
148 silly gunzTarPerm extractEntry test/pool.js
149 silly gunzTarPerm modified mode [ 'test/pool.js', 420, 436 ]
150 silly gunzTarPerm extractEntry test/process-title.js
151 silly gunzTarPerm modified mode [ 'test/process-title.js', 420, 436 ]
152 silly gunzTarPerm extractEntry test/stack-overflow.js
153 silly gunzTarPerm modified mode [ 'test/stack-overflow.js', 420, 436 ]
154 silly gunzTarPerm extractEntry test/stack-overflow2.js
155 silly gunzTarPerm modified mode [ 'test/stack-overflow2.js', 493, 509 ]
156 silly gunzTarPerm extractEntry test/current.js
157 silly gunzTarPerm modified mode [ 'test/current.js', 420, 436 ]
158 silly gunzTarPerm extractEntry test/stack-overflow3.js
159 silly gunzTarPerm modified mode [ 'test/stack-overflow3.js', 420, 436 ]
160 silly gunzTarPerm extractEntry test/child-process.js
161 silly gunzTarPerm modified mode [ 'test/child-process.js', 420, 436 ]
162 silly gunzTarPerm extractEntry test/started.js
163 silly gunzTarPerm modified mode [ 'test/started.js', 420, 436 ]
164 silly gunzTarPerm extractEntry test/bad-context.js
165 silly gunzTarPerm modified mode [ 'test/bad-context.js', 420, 436 ]
166 silly gunzTarPerm extractEntry test/unwind.js
167 silly gunzTarPerm modified mode [ 'test/unwind.js', 420, 436 ]
168 silly gunzTarPerm extractEntry test/future.js
169 silly gunzTarPerm modified mode [ 'test/future.js', 420, 436 ]
170 verbose write writing to /home/rubie/node_modules/fibers/package.json
171 info preinstall fibers@1.0.7
172 verbose readDependencies loading dependencies from /home/rubie/node_modules/fibers/package.json
173 verbose readDependencies loading dependencies from /home/rubie/node_modules/fibers/package.json
174 silly install resolved []
175 verbose about to build /home/rubie/node_modules/fibers
176 info build /home/rubie/node_modules/fibers
177 info linkStuff fibers@1.0.7
178 silly linkStuff fibers@1.0.7 has /home/rubie/node_modules as its parent node_modules
179 verbose linkBins fibers@1.0.7
180 verbose linkMans fibers@1.0.7
181 verbose rebuildBundles fibers@1.0.7
182 info install fibers@1.0.7
183 verbose unsafe-perm in lifecycle true
184 info fibers@1.0.7 Failed to exec install script
185 verbose unlock done using /home/rubie/.npm/_locks/fibers-94d94f5c530a3bf0.lock for /home/rubie/node_modules/fibers
186 verbose stack Error: fibers@1.0.7 install: `node build.js || nodejs build.js`
186 verbose stack spawn ENOENT
186 verbose stack     at ChildProcess.<anonymous> (/home/rubie/.nvm/versions/node/v4.0.0/lib/node_modules/npm/lib/utils/spawn.js:17:16)
186 verbose stack     at emitTwo (events.js:87:13)
186 verbose stack     at ChildProcess.emit (events.js:172:7)
186 verbose stack     at maybeClose (internal/child_process.js:817:16)
186 verbose stack     at Process.ChildProcess._handle.onexit (internal/child_process.js:211:5)
187 verbose pkgid fibers@1.0.7
188 verbose cwd /home/rubie/killerpicks/app
189 error Linux 3.10.18
190 error argv "/home/rubie/.nvm/versions/node/v4.0.0/bin/node" "/home/rubie/.nvm/versions/node/v4.0.0/bin/npm" "install" "fibers"
191 error node v4.0.0
192 error npm  v2.14.2
193 error file sh
194 error code ELIFECYCLE
195 error errno ENOENT
196 error syscall spawn
197 error fibers@1.0.7 install: `node build.js || nodejs build.js`
197 error spawn ENOENT
198 error Failed at the fibers@1.0.7 install script 'node build.js || nodejs build.js'.
198 error This is most likely a problem with the fibers package,
198 error not with npm itself.
198 error Tell the author that this fails on your system:
198 error     node build.js || nodejs build.js
198 error You can get their info via:
198 error     npm owner ls fibers
198 error There is likely additional logging output above.
199 verbose exit [ 1, true ]
200 verbose unbuild node_modules/fibers
201 info preuninstall fibers@1.0.7
202 info uninstall fibers@1.0.7
203 verbose unbuild rmStuff fibers@1.0.7 from /home/rubie/node_modules
204 info postuninstall fibers@1.0.7
205 silly gentlyRm /home/rubie/node_modules/fibers is being purged from base /home/rubie
206 verbose gentlyRm don't care about contents; nuking /home/rubie/node_modules/fibers
207 silly vacuum-fs purging /home/rubie/node_modules/fibers
208 silly vacuum-fs quitting because other entries in /home/rubie/node_modules
